[05-Sep-2021 01:27:07 UTC] Sync process for Gutenberg Blocks has started.
[05-Sep-2021 01:27:07 UTC] CATEGORY:Importing categories..
[05-Sep-2021 01:27:07 UTC] CATEGORY:Storing in option ast-block-templates-categories
[05-Sep-2021 01:27:07 UTC] CATEGORY:Completed category import.
[05-Sep-2021 01:27:07 UTC] BLOCK: Getting Total Blocks
[05-Sep-2021 01:27:07 UTC] BLOCK: https://websitedemos.net/wp-json/astra-blocks/v1/get-blocks-count/?page_builder=gutenberg
[05-Sep-2021 01:27:07 UTC] BLOCK: Requests count 3
[05-Sep-2021 01:27:07 UTC] BLOCK: Importing request 1 ..
[05-Sep-2021 01:27:07 UTC] BLOCK: https://websitedemos.net/wp-json/astra-blocks/v1/blocks/?page_builder=gutenberg&per_page=100&page=1
[05-Sep-2021 01:27:07 UTC] BLOCK: Storing in option ast-block-templates-blocks-1
[05-Sep-2021 01:27:08 UTC] BLOCK: Completed request 1
[05-Sep-2021 01:27:08 UTC] BLOCK: Importing request 2 ..
[05-Sep-2021 01:27:08 UTC] BLOCK: https://websitedemos.net/wp-json/astra-blocks/v1/blocks/?page_builder=gutenberg&per_page=100&page=2
[05-Sep-2021 01:27:08 UTC] BLOCK: Storing in option ast-block-templates-blocks-2
[05-Sep-2021 01:27:08 UTC] BLOCK: Completed request 2
[05-Sep-2021 01:27:08 UTC] BLOCK: Importing request 3 ..
[05-Sep-2021 01:27:08 UTC] BLOCK: https://websitedemos.net/wp-json/astra-blocks/v1/blocks/?page_builder=gutenberg&per_page=100&page=3
[05-Sep-2021 01:27:08 UTC] BLOCK: Storing in option ast-block-templates-blocks-3
[05-Sep-2021 01:27:08 UTC] BLOCK: Completed request 3
[05-Sep-2021 01:27:08 UTC] SITE: Getting Total Sites
[05-Sep-2021 01:27:08 UTC] SITE: https://websitedemos.net/wp-json/astra-sites/v1/get-total-pages/?page_builder=gutenberg
[05-Sep-2021 01:27:08 UTC] SITE: Request count 1
[05-Sep-2021 01:27:08 UTC] SITE: Importing request 1 ..
[05-Sep-2021 01:27:08 UTC] SITE: https://websitedemos.net/wp-json/astra-sites/v1/sites-and-pages/?per_page=100&page=1&page-builder=gutenberg
[05-Sep-2021 01:27:08 UTC] SITE: Storing in option ast-block-templates-sites-1
[05-Sep-2021 01:27:08 UTC] SITE: Completed request 1
[05-Sep-2021 01:27:08 UTC] Sync process for Gutenberg Blocks is done.
